<?xml version="1.0" encoding="UTF-8"?>
<!-- Generated by org.testng.reporters.JUnitReportReporter -->
<testsuite hostname="DESKTOP-H41JRIE" failures="0" tests="1" name="Authorization.Basic_Authentication" time="4.426" errors="0" timestamp="2025-06-12T11:36:37 IST" skipped="0">
  <testcase classname="Authorization.Basic_Authentication" name="baseAuthenticationtest" time="4.426"/>
  <system-out/>
</testsuite> <!-- Authorization.Basic_Authentication -->
