<?xml version="1.0" encoding="UTF-8"?>
<!-- Generated by org.testng.reporters.JUnitReportReporter -->
<testsuite hostname="DESKTOP-H41JRIE" failures="0" tests="5" name="assignments.Assignment1" time="9.469" errors="0" timestamp="2025-06-10T13:32:40 IST" skipped="0">
  <testcase classname="assignments.Assignment1" name="getPetByStatus" time="3.699"/>
  <system-out/>
  <testcase classname="assignments.Assignment1" name="addPetToStore" time="2.049"/>
  <system-out/>
  <testcase classname="assignments.Assignment1" name="getWithGeneratedID" time="1.274"/>
  <system-out/>
  <testcase classname="assignments.Assignment1" name="updatePetDetails" time="1.243"/>
  <system-out/>
  <testcase classname="assignments.Assignment1" name="deleteExistingPetDetails" time="1.204"/>
  <system-out/>
</testsuite> <!-- assignments.Assignment1 -->
