<?xml version="1.0" encoding="UTF-8"?>
<!-- Generated by org.testng.reporters.JUnitReportReporter -->
<testsuite hostname="DESKTOP-H41JRIE" failures="0" tests="2" name="httpMethodsBDD.Serialization_deSerialization_RestAssured" time="0.293" errors="0" timestamp="2025-06-12T11:51:33 IST" skipped="0">
  <testcase classname="httpMethodsBDD.Serialization_deSerialization_RestAssured" name="serializationTest" time="0.025"/>
  <system-out/>
  <testcase classname="httpMethodsBDD.Serialization_deSerialization_RestAssured" name="deSerializationTest" time="0.268"/>
  <system-out/>
</testsuite> <!-- httpMethodsBDD.Serialization_deSerialization_RestAssured -->
