<?xml version="1.0" encoding="UTF-8"?>
<!-- Generated by org.testng.reporters.JUnitReportReporter -->
<testsuite hostname="DESKTOP-H41JRIE" failures="0" tests="1" name="httpMethodsBDD.PostRequestWithpayload" time="3.677" errors="0" timestamp="2025-06-10T11:52:14 IST" skipped="0">
  <testcase classname="httpMethodsBDD.PostRequestWithpayload" name="PostRequestPojoPayloads" time="3.677"/>
  <system-out/>
</testsuite> <!-- httpMethodsBDD.PostRequestWithpayload -->
