<?xml version="1.0" encoding="UTF-8"?>
<!-- Generated by org.testng.reporters.JUnitReportReporter -->
<testsuite hostname="DESKTOP-H41JRIE" failures="0" tests="1" name="assignments.Assignment1" time="3.723" errors="0" timestamp="2025-06-06T16:42:25 IST" skipped="0">
  <testcase classname="assignments.Assignment1" name="getPetByStatus" time="3.723"/>
  <system-out/>
</testsuite> <!-- assignments.Assignment1 -->
