<?xml version="1.0" encoding="UTF-8"?>
<!-- Generated by org.testng.reporters.JUnitReportReporter -->
<testsuite hostname="DESKTOP-H41JRIE" failures="0" tests="1" name="Authentication.Digest_Authenticaton" time="3.860" errors="0" timestamp="2025-06-11T12:39:28 IST" skipped="0">
  <testcase classname="Authentication.Digest_Authenticaton" name="digest_Auth" time="3.860"/>
  <system-out/>
</testsuite> <!-- Authentication.Digest_Authenticaton -->
