<?xml version="1.0" encoding="UTF-8"?>
<!-- Generated by org.testng.reporters.JUnitReportReporter -->
<testsuite hostname="DESKTOP-H41JRIE" failures="0" tests="1" name="Authorization.BearerTokenAuthorization" time="2.752" errors="0" timestamp="2025-06-11T12:55:05 IST" skipped="0">
  <testcase classname="Authorization.BearerTokenAuthorization" name="Bearer_Auth" time="2.752"/>
  <system-out/>
</testsuite> <!-- Authorization.BearerTokenAuthorization -->
