<?xml version="1.0" encoding="UTF-8"?>
<!-- Generated by org.testng.reporters.JUnitReportReporter -->
<testsuite hostname="DESKTOP-H41JRIE" failures="0" tests="1" name="httpMethodsBDD.Headers_Cookies_QueryParameter" time="2.204" errors="0" timestamp="2025-06-10T12:10:33 IST" skipped="0">
  <testcase classname="httpMethodsBDD.Headers_Cookies_QueryParameter" name="headersTest" time="2.204"/>
  <system-out/>
</testsuite> <!-- httpMethodsBDD.Headers_Cookies_QueryParameter -->
