<?xml version="1.0" encoding="UTF-8"?>
<!-- Generated by org.testng.reporters.JUnitReportReporter -->
<testsuite hostname="DESKTOP-H41JRIE" failures="0" tests="1" name="api_Methods.Get_Multipleids_jsonValidation" time="3.083" errors="0" timestamp="2025-06-10T11:00:14 IST" skipped="0">
  <testcase classname="api_Methods.Get_Multipleids_jsonValidation" name="getId_s" time="3.083"/>
  <system-out/>
</testsuite> <!-- api_Methods.Get_Multipleids_jsonValidation -->
