<?xml version="1.0" encoding="UTF-8"?>
<!-- Generated by org.testng.reporters.JUnitReportReporter -->
<testsuite hostname="DESKTOP-H41JRIE" failures="0" tests="1" name="Authentication.Basic_Authentication" time="4.099" errors="0" timestamp="2025-06-11T12:34:54 IST" skipped="0">
  <testcase classname="Authentication.Basic_Authentication" name="Base_Authentication" time="4.099"/>
  <system-out/>
</testsuite> <!-- Authentication.Basic_Authentication -->
