<?xml version="1.0" encoding="UTF-8"?>
<!-- Generated by org.testng.reporters.JUnitReportReporter -->
<testsuite hostname="DESKTOP-H41JRIE" failures="0" tests="1" name="assignments.Assignment2" time="4.639" errors="0" timestamp="2025-06-10T15:55:39 IST" skipped="0">
  <testcase classname="assignments.Assignment2" name="PostRequestUsingHashMap" time="4.639"/>
  <system-out/>
</testsuite> <!-- assignments.Assignment2 -->
