<?xml version="1.0" encoding="UTF-8"?>
<!-- Generated by org.testng.reporters.JUnitReportReporter -->
<testsuite hostname="DESKTOP-H41JRIE" failures="0" tests="1" name="mymavenProject.MVN_02_TestNGClass" time="0.011" errors="0" timestamp="2025-05-27T12:00:58 IST" skipped="0">
  <testcase classname="mymavenProject.MVN_02_TestNGClass" name="testA" time="0.011"/>
</testsuite> <!-- mymavenProject.MVN_02_TestNGClass -->
