<?xml version="1.0" encoding="UTF-8"?>
<!-- Generated by org.testng.reporters.JUnitReportReporter -->
<testsuite hostname="DESKTOP-H41JRIE" failures="0" tests="1" name="com.KeywordDriver.properties.keyWordApproach_ReadFromPropertiesFile" time="0.332" errors="0" timestamp="2025-05-22T11:20:27 IST" skipped="0">
  <testcase classname="com.KeywordDriver.properties.keyWordApproach_ReadFromPropertiesFile" name="LoginFacebook" time="0.332"/>
  <system-out/>
</testsuite> <!-- com.KeywordDriver.properties.keyWordApproach_ReadFromPropertiesFile -->
