<?xml version="1.0" encoding="UTF-8"?>
<!-- Generated by org.testng.reporters.JUnitReportReporter -->
<testsuite hostname="DESKTOP-H41JRIE" failures="0" tests="1" name="com.DataDriverUsingExcel_POI.ReadDataFromExcelFile" time="0.027" errors="0" timestamp="2025-05-23T13:03:11 IST" skipped="0">
  <testcase classname="com.DataDriverUsingExcel_POI.ReadDataFromExcelFile" name="readfullDataFromFile" time="0.027"/>
  <system-out/>
</testsuite> <!-- com.DataDriverUsingExcel_POI.ReadDataFromExcelFile -->
