<?xml version="1.0" encoding="UTF-8"?>
<!-- Generated by org.testng.reporters.JUnitReportReporter -->
<testsuite hostname="DESKTOP-H41JRIE" failures="0" tests="6" name="com.DataDriverUsingExcel_POI.CreateLoginData" time="0.091" errors="0" timestamp="2025-06-16T12:19:10 IST" skipped="0">
  <testcase classname="com.DataDriverUsingExcel_POI.CreateLoginData" name="setLoginData" time="0.047"/>
  <system-out/>
  <testcase classname="com.DataDriverUsingExcel_POI.CreateLoginData" name="setLoginData" time="0.006"/>
  <system-out/>
  <testcase classname="com.DataDriverUsingExcel_POI.CreateLoginData" name="setLoginData" time="0.014"/>
  <system-out/>
  <testcase classname="com.DataDriverUsingExcel_POI.CreateLoginData" name="setLoginData" time="0.006"/>
  <system-out/>
  <testcase classname="com.DataDriverUsingExcel_POI.CreateLoginData" name="setLoginData" time="0.011"/>
  <system-out/>
  <testcase classname="com.DataDriverUsingExcel_POI.CreateLoginData" name="setLoginData" time="0.007"/>
  <system-out/>
</testsuite> <!-- com.DataDriverUsingExcel_POI.CreateLoginData -->
