<?xml version="1.0" encoding="UTF-8"?>
<!-- Generated by org.testng.reporters.JUnitReportReporter -->
<testsuite hostname="DESKTOP-H41JRIE" failures="0" tests="4" name="com.testNG.TNG_10_Scripts_For_ParallelExecution" time="22.529" errors="0" timestamp="2025-05-22T11:42:40 IST" skipped="0">
  <testcase classname="com.testNG.TNG_10_Scripts_For_ParallelExecution" name="openAmazon" time="5.536"/>
  <system-out/>
  <testcase classname="com.testNG.TNG_10_Scripts_For_ParallelExecution" name="OpenFaceBook" time="4.207"/>
  <system-out/>
  <testcase classname="com.testNG.TNG_10_Scripts_For_ParallelExecution" name="OpenMyntra" time="7.553"/>
  <system-out/>
  <testcase classname="com.testNG.TNG_10_Scripts_For_ParallelExecution" name="OpenGoogle" time="5.233"/>
  <system-out/>
</testsuite> <!-- com.testNG.TNG_10_Scripts_For_ParallelExecution -->
