<?xml version="1.0" encoding="UTF-8"?>
<!-- Generated by org.testng.reporters.JUnitReportReporter -->
<testsuite hostname="DESKTOP-H41JRIE" failures="0" tests="4" name="com.testNG.TNG_08_GetScreenshot_SkipFunction_Assertions" time="16.564" errors="0" timestamp="2025-05-20T11:59:33 IST" skipped="1">
  <testcase classname="com.testNG.TNG_08_GetScreenshot_SkipFunction_Assertions" name="testBestSellerLink" time="8.198"/>
  <system-out/>
  <testcase classname="com.testNG.TNG_08_GetScreenshot_SkipFunction_Assertions" name="testElectronicLink" time="4.104"/>
  <system-out/>
  <testcase classname="com.testNG.TNG_08_GetScreenshot_SkipFunction_Assertions" name="testMobilesLink" time="4.262"/>
  <system-out/>
  <testcase classname="com.testNG.TNG_08_GetScreenshot_SkipFunction_Assertions" name="testSellLink">
    <skipped/>
  </testcase> <!-- testSellLink -->
  <system-out/>
</testsuite> <!-- com.testNG.TNG_08_GetScreenshot_SkipFunction_Assertions -->
