<?xml version="1.0" encoding="UTF-8"?>
<!-- Generated by org.testng.reporters.JUnitReportReporter -->
<testsuite hostname="DESKTOP-H41JRIE" failures="0" tests="6" name="com.DataDriverUsingExcel_POI.CreateLoginData" time="0.081" errors="0" timestamp="2025-05-23T12:55:19 IST" skipped="0">
  <testcase classname="com.DataDriverUsingExcel_POI.CreateLoginData" name="setLoginData" time="0.008"/>
  <system-out/>
  <testcase classname="com.DataDriverUsingExcel_POI.CreateLoginData" name="setLoginData" time="0.011"/>
  <system-out/>
  <testcase classname="com.DataDriverUsingExcel_POI.CreateLoginData" name="setLoginData" time="0.046"/>
  <system-out/>
  <testcase classname="com.DataDriverUsingExcel_POI.CreateLoginData" name="setLoginData" time="0.008"/>
  <system-out/>
  <testcase classname="com.DataDriverUsingExcel_POI.CreateLoginData" name="setLoginData" time="0.004"/>
  <system-out/>
  <testcase classname="com.DataDriverUsingExcel_POI.CreateLoginData" name="setLoginData" time="0.004"/>
  <system-out/>
</testsuite> <!-- com.DataDriverUsingExcel_POI.CreateLoginData -->
