<?xml version="1.0" encoding="UTF-8"?>
<!-- Generated by org.testng.reporters.JUnitReportReporter -->
<testsuite hostname="DESKTOP-H41JRIE" failures="0" tests="1" name="com.DataDriverUsingExcel_POI.WriteDataIntoMultipleLines" time="0.052" errors="0" timestamp="2025-05-23T12:38:08 IST" skipped="0">
  <testcase classname="com.DataDriverUsingExcel_POI.WriteDataIntoMultipleLines" name="WriteMultipleLines" time="0.052"/>
  <system-out/>
</testsuite> <!-- com.DataDriverUsingExcel_POI.WriteDataIntoMultipleLines -->
