<?xml version="1.0" encoding="UTF-8"?>
<!-- Generated by org.testng.reporters.JUnitReportReporter -->
<testsuite hostname="DESKTOP-H41JRIE" failures="0" tests="1" name="com.DataDriverUsingExcel_POI.WriteTheDataIntoExcelFile" time="0.042" errors="0" timestamp="2025-05-23T12:32:44 IST" skipped="0">
  <testcase classname="com.DataDriverUsingExcel_POI.WriteTheDataIntoExcelFile" name="writeDataInToFile" time="0.042"/>
  <system-out/>
</testsuite> <!-- com.DataDriverUsingExcel_POI.WriteTheDataIntoExcelFile -->
