<?xml version="1.0" encoding="UTF-8"?>
<!-- Generated by org.testng.reporters.JUnitReportReporter -->
<testsuite hostname="DESKTOP-H41JRIE" failures="1" tests="4" name="com.testNG.TNG_08_RandomAmazonScripts" time="34.156" errors="0" timestamp="2025-05-20T11:15:27 IST" skipped="1">
  <testcase classname="com.testNG.TNG_08_RandomAmazonScripts" name="testSellLink" time="22.322">
    <failure message=" sell url is invalid, please verify expected [https://www.nitin.in/b/32702023031?node=32702023031&amp;ld=AZINSOANavDesktop_T3&amp;ref_=nav_cs_sell_T3] but found [https://www.amazon.in/b/32702023031?node=32702023031&amp;ld=AZINSOANavDesktop_T3&amp;ref_=nav_cs_sell_T3]" type="java.lang.AssertionError">
      <![CDATA[java.lang.AssertionError:  sell url is invalid, please verify expected [https://www.nitin.in/b/32702023031?node=32702023031&ld=AZINSOANavDesktop_T3&ref_=nav_cs_sell_T3] but found [https://www.amazon.in/b/32702023031?node=32702023031&ld=AZINSOANavDesktop_T3&ref_=nav_cs_sell_T3]
at org.testng.Assert.fail(Assert.java:99)
at org.testng.Assert.failNotEquals(Assert.java:1037)
at org.testng.Assert.assertEqualsImpl(Assert.java:140)
at org.testng.Assert.assertEquals(Assert.java:122)
at org.testng.Assert.assertEquals(Assert.java:629)
at com.testNG.TNG_08_RandomAmazonScripts.testSellLink(TNG_08_RandomAmazonScripts.java:40)
at java.base/jdk.internal.reflect.DirectMethodHandleAccessor.invoke(DirectMethodHandleAccessor.java:103)
at java.base/java.lang.reflect.Method.invoke(Method.java:580)
at org.testng.internal.MethodInvocationHelper.invokeMethod(MethodInvocationHelper.java:133)
at org.testng.internal.TestInvoker.invokeMethod(TestInvoker.java:598)
at org.testng.internal.TestInvoker.invokeTestMethod(TestInvoker.java:173)
at org.testng.internal.MethodRunner.runInSequence(MethodRunner.java:46)
at org.testng.internal.TestInvoker$MethodInvocationAgent.invoke(TestInvoker.java:824)
at org.testng.internal.TestInvoker.invokeTestMethods(TestInvoker.java:146)
at org.testng.internal.TestMethodWorker.invokeTestMethods(TestMethodWorker.java:146)
at org.testng.internal.TestMethodWorker.run(TestMethodWorker.java:128)
at java.base/java.util.ArrayList.forEach(ArrayList.java:1596)
at org.testng.TestRunner.privateRun(TestRunner.java:794)
at org.testng.TestRunner.run(TestRunner.java:596)
at org.testng.SuiteRunner.runTest(SuiteRunner.java:377)
at org.testng.SuiteRunner.runSequentially(SuiteRunner.java:371)
at org.testng.SuiteRunner.privateRun(SuiteRunner.java:332)
at org.testng.SuiteRunner.run(SuiteRunner.java:276)
at org.testng.SuiteRunnerWorker.runSuite(SuiteRunnerWorker.java:53)
at org.testng.SuiteRunnerWorker.run(SuiteRunnerWorker.java:96)
at org.testng.TestNG.runSuitesSequentially(TestNG.java:1212)
at org.testng.TestNG.runSuitesLocally(TestNG.java:1134)
at org.testng.TestNG.runSuites(TestNG.java:1063)
at org.testng.TestNG.run(TestNG.java:1031)
at org.testng.remote.AbstractRemoteTestNG.run(AbstractRemoteTestNG.java:115)
at org.testng.remote.RemoteTestNG.initAndRun(RemoteTestNG.java:293)
at org.testng.remote.RemoteTestNG.main(RemoteTestNG.java:91)
]]>
    </failure>
  </testcase> <!-- testSellLink -->
  <system-out/>
  <testcase classname="com.testNG.TNG_08_RandomAmazonScripts" name="testElectronicLink" time="4.638"/>
  <system-out/>
  <testcase classname="com.testNG.TNG_08_RandomAmazonScripts" name="testMobilesLink" time="7.196"/>
  <system-out/>
  <testcase classname="com.testNG.TNG_08_RandomAmazonScripts" name="testBestSellerLink">
    <skipped/>
  </testcase> <!-- testBestSellerLink -->
  <system-out/>
</testsuite> <!-- com.testNG.TNG_08_RandomAmazonScripts -->
