<?xml version="1.0" encoding="UTF-8"?>
<!-- Generated by org.testng.reporters.JUnitReportReporter -->
<testsuite hostname="DESKTOP-H41JRIE" failures="0" tests="1" name="com.Assignments.AS_28" time="11.734" errors="0" timestamp="2025-05-26T11:19:50 IST" skipped="0">
  <testcase classname="com.Assignments.AS_28" name="login" time="11.734"/>
  <system-out/>
</testsuite> <!-- com.Assignments.AS_28 -->
